2016-08-01 16:36:20.462+0000 INFO  [o.n.k.i.DiagnosticsManager]: --- INITIALIZED diagnostics START ---
2016-08-01 16:36:20.465+0000 INFO  [o.n.k.i.DiagnosticsManager]: Neo4j Kernel properties:
2016-08-01 16:36:20.469+0000 INFO  [o.n.k.i.DiagnosticsManager]: neostore.propertystore.db.strings.mapped_memory=563M
2016-08-01 16:36:20.469+0000 INFO  [o.n.k.i.DiagnosticsManager]: ephemeral=false
2016-08-01 16:36:20.469+0000 INFO  [o.n.k.i.DiagnosticsManager]: neostore.nodestore.db.mapped_memory=184M
2016-08-01 16:36:20.470+0000 INFO  [o.n.k.i.DiagnosticsManager]: store_dir=http://localhost:7474/db/data
2016-08-01 16:36:20.470+0000 INFO  [o.n.k.i.DiagnosticsManager]: neostore.propertystore.db.arrays.mapped_memory=639M
2016-08-01 16:36:20.470+0000 INFO  [o.n.k.i.DiagnosticsManager]: neostore.propertystore.db.mapped_memory=663M
2016-08-01 16:36:20.470+0000 INFO  [o.n.k.i.DiagnosticsManager]: neostore.relationshipstore.db.mapped_memory=812M
2016-08-01 16:36:20.472+0000 INFO  [o.n.k.i.DiagnosticsManager]: Diagnostics providers:
2016-08-01 16:36:20.473+0000 INFO  [o.n.k.i.DiagnosticsManager]: org.neo4j.kernel.configuration.Config
2016-08-01 16:36:20.473+0000 INFO  [o.n.k.i.DiagnosticsManager]: org.neo4j.kernel.info.DiagnosticsManager
2016-08-01 16:36:20.473+0000 INFO  [o.n.k.i.DiagnosticsManager]: SYSTEM_MEMORY
2016-08-01 16:36:20.473+0000 INFO  [o.n.k.i.DiagnosticsManager]: JAVA_MEMORY
2016-08-01 16:36:20.473+0000 INFO  [o.n.k.i.DiagnosticsManager]: OPERATING_SYSTEM
2016-08-01 16:36:20.473+0000 INFO  [o.n.k.i.DiagnosticsManager]: JAVA_VIRTUAL_MACHINE
2016-08-01 16:36:20.473+0000 INFO  [o.n.k.i.DiagnosticsManager]: CLASSPATH
2016-08-01 16:36:20.473+0000 INFO  [o.n.k.i.DiagnosticsManager]: LIBRARY_PATH
2016-08-01 16:36:20.473+0000 INFO  [o.n.k.i.DiagnosticsManager]: SYSTEM_PROPERTIES
2016-08-01 16:36:20.473+0000 INFO  [o.n.k.i.DiagnosticsManager]: NETWORK
2016-08-01 16:36:20.474+0000 INFO  [o.n.k.i.DiagnosticsManager]: System memory information:
2016-08-01 16:36:20.477+0000 INFO  [o.n.k.i.DiagnosticsManager]: Total Physical memory: 8,00 GB
2016-08-01 16:36:20.478+0000 INFO  [o.n.k.i.DiagnosticsManager]: Free Physical memory: 62,24 MB
2016-08-01 16:36:20.479+0000 INFO  [o.n.k.i.DiagnosticsManager]: Committed virtual memory: 5,76 GB
2016-08-01 16:36:20.480+0000 INFO  [o.n.k.i.DiagnosticsManager]: Total swap space: 1,00 GB
2016-08-01 16:36:20.481+0000 INFO  [o.n.k.i.DiagnosticsManager]: Free swap space: 741,25 MB
2016-08-01 16:36:20.482+0000 INFO  [o.n.k.i.DiagnosticsManager]: JVM memory information:
2016-08-01 16:36:20.482+0000 INFO  [o.n.k.i.DiagnosticsManager]: Free  memory: 180,90 MB
2016-08-01 16:36:20.482+0000 INFO  [o.n.k.i.DiagnosticsManager]: Total memory: 208,00 MB
2016-08-01 16:36:20.483+0000 INFO  [o.n.k.i.DiagnosticsManager]: Max   memory: 1,78 GB
2016-08-01 16:36:20.491+0000 INFO  [o.n.k.i.DiagnosticsManager]: Garbage Collector: PS Scavenge: [PS Eden Space, PS Survivor Space]
2016-08-01 16:36:20.491+0000 INFO  [o.n.k.i.DiagnosticsManager]: Garbage Collector: PS MarkSweep: [PS Eden Space, PS Survivor Space, PS Old Gen]
2016-08-01 16:36:20.495+0000 INFO  [o.n.k.i.DiagnosticsManager]: Memory Pool: Code Cache (Non-heap memory): committed=9,00 MB, used=8,97 MB, max=240,00 MB, threshold=0,00 B
2016-08-01 16:36:20.496+0000 INFO  [o.n.k.i.DiagnosticsManager]: Memory Pool: Metaspace (Non-heap memory): committed=22,13 MB, used=21,57 MB, max=-1,00 B, threshold=0,00 B
2016-08-01 16:36:20.496+0000 INFO  [o.n.k.i.DiagnosticsManager]: Memory Pool: Compressed Class Space (Non-heap memory): committed=2,88 MB, used=2,74 MB, max=1,00 GB, threshold=0,00 B
2016-08-01 16:36:20.497+0000 INFO  [o.n.k.i.DiagnosticsManager]: Memory Pool: PS Eden Space (Heap memory): committed=130,00 MB, used=11,60 MB, max=664,50 MB, threshold=?
2016-08-01 16:36:20.498+0000 INFO  [o.n.k.i.DiagnosticsManager]: Memory Pool: PS Survivor Space (Heap memory): committed=5,00 MB, used=0,00 B, max=5,00 MB, threshold=?
2016-08-01 16:36:20.500+0000 INFO  [o.n.k.i.DiagnosticsManager]: Memory Pool: PS Old Gen (Heap memory): committed=73,00 MB, used=15,50 MB, max=1,33 GB, threshold=0,00 B
2016-08-01 16:36:20.500+0000 INFO  [o.n.k.i.DiagnosticsManager]: Operating system information:
2016-08-01 16:36:20.503+0000 INFO  [o.n.k.i.DiagnosticsManager]: Operating System: Mac OS X; version: 10.11.2; arch: x86_64; cpus: 2
2016-08-01 16:36:20.504+0000 INFO  [o.n.k.i.DiagnosticsManager]: Max number of file descriptors: 10240
2016-08-01 16:36:20.506+0000 INFO  [o.n.k.i.DiagnosticsManager]: Number of open file descriptors: 175
2016-08-01 16:36:20.507+0000 INFO  [o.n.k.i.DiagnosticsManager]: Process id: 14303@Mac.local
2016-08-01 16:36:20.507+0000 INFO  [o.n.k.i.DiagnosticsManager]: Byte order: LITTLE_ENDIAN
2016-08-01 16:36:20.507+0000 INFO  [o.n.k.i.DiagnosticsManager]: Local timezone: Europe/Paris
2016-08-01 16:36:20.507+0000 INFO  [o.n.k.i.DiagnosticsManager]: JVM information:
2016-08-01 16:36:20.507+0000 INFO  [o.n.k.i.DiagnosticsManager]: VM Name: Java HotSpot(TM) 64-Bit Server VM
2016-08-01 16:36:20.507+0000 INFO  [o.n.k.i.DiagnosticsManager]: VM Vendor: Oracle Corporation
2016-08-01 16:36:20.507+0000 INFO  [o.n.k.i.DiagnosticsManager]: VM Version: 25.60-b07
2016-08-01 16:36:20.508+0000 INFO  [o.n.k.i.DiagnosticsManager]: JIT compiler: HotSpot 64-Bit Tiered Compilers
2016-08-01 16:36:20.510+0000 INFO  [o.n.k.i.DiagnosticsManager]: VM Arguments: [-Dclassworlds.conf=/usr/local/Cellar/maven/3.3.3/libexec/bin/m2.conf, -Dmaven.home=/usr/local/Cellar/maven/3.3.3/libexec, -Dmaven.multiModuleProjectDirectory=/Users/thesealex/Projets/Neo4JBabylon/neowl]
2016-08-01 16:36:20.510+0000 INFO  [o.n.k.i.DiagnosticsManager]: Java classpath:
2016-08-01 16:36:20.517+0000 INFO  [o.n.k.i.DiagnosticsManager]:  [loader.0] file:/Users/thesealex/.m2/repository/asm/asm/3.1/asm-3.1.jar
2016-08-01 16:36:20.517+0000 INFO  [o.n.k.i.DiagnosticsManager]:  [loader.0] file:/Users/thesealex/.m2/repository/org/neo4j/neo4j-kernel/2.1.2/neo4j-kernel-2.1.2.jar
2016-08-01 16:36:20.517+0000 INFO  [o.n.k.i.DiagnosticsManager]:  [loader.0] file:/Users/thesealex/.m2/repository/org/apache/ws/commons/axiom/axiom-c14n/1.2.14/axiom-c14n-1.2.14.jar
2016-08-01 16:36:20.517+0000 INFO  [o.n.k.i.DiagnosticsManager]:  [bootstrap] /Library/Java/JavaVirtualMachines/jdk1.8.0_60.jdk/Contents/Home/jre/lib/jsse.jar
2016-08-01 16:36:20.517+0000 INFO  [o.n.k.i.DiagnosticsManager]:  [loader.0] file:/Users/thesealex/.m2/repository/org/neo4j/server-api/2.1.2/server-api-2.1.2.jar
2016-08-01 16:36:20.518+0000 INFO  [o.n.k.i.DiagnosticsManager]:  [bootstrap] /Library/Java/JavaVirtualMachines/jdk1.8.0_60.jdk/Contents/Home/jre/lib/jfr.jar
2016-08-01 16:36:20.518+0000 INFO  [o.n.k.i.DiagnosticsManager]:  [loader.0] file:/Users/thesealex/.m2/repository/org/eclipse/jetty/jetty-security/9.0.5.v20130815/jetty-security-9.0.5.v20130815.jar
2016-08-01 16:36:20.518+0000 INFO  [o.n.k.i.DiagnosticsManager]:  [loader.0] file:/Users/thesealex/.m2/repository/com/hermit-reasoner/org.semanticweb.hermit/1.3.8.2/org.semanticweb.hermit-1.3.8.2.jar
2016-08-01 16:36:20.518+0000 INFO  [o.n.k.i.DiagnosticsManager]:  [loader.0] file:/Users/thesealex/.m2/repository/org/neo4j/3rdparty/javax/ws/rs/jsr311-api/1.1.2.r612/jsr311-api-1.1.2.r612.jar
2016-08-01 16:36:20.518+0000 INFO  [o.n.k.i.DiagnosticsManager]:  [loader.0] file:/Users/thesealex/.m2/repository/net/sf/opencsv/opencsv/2.0/opencsv-2.0.jar
2016-08-01 16:36:20.518+0000 INFO  [o.n.k.i.DiagnosticsManager]:  [loader.2] file:/Library/Java/JavaVirtualMachines/jdk1.8.0_60.jdk/Contents/Home/jre/lib/ext/nashorn.jar
2016-08-01 16:36:20.518+0000 INFO  [o.n.k.i.DiagnosticsManager]:  [loader.2] file:/Library/Java/Extensions/libgluegen-rt.jnilib
2016-08-01 16:36:20.518+0000 INFO  [o.n.k.i.DiagnosticsManager]:  [loader.0] file:/Users/thesealex/.m2/repository/com/sun/jersey/jersey-core/1.9/jersey-core-1.9.jar
2016-08-01 16:36:20.518+0000 INFO  [o.n.k.i.DiagnosticsManager]:  [loader.0] file:/Users/thesealex/.m2/repository/org/neo4j/app/neo4j-server/2.1.2/neo4j-server-2.1.2-tests.jar
2016-08-01 16:36:20.518+0000 INFO  [o.n.k.i.DiagnosticsManager]:  [loader.0] file:/Users/thesealex/.m2/repository/net/sourceforge/owlapi/owlapi-apibinding/3.4.8/owlapi-apibinding-3.4.8.jar
2016-08-01 16:36:20.518+0000 INFO  [o.n.k.i.DiagnosticsManager]:  [loader.0] file:/Users/thesealex/.m2/repository/commons-beanutils/commons-beanutils-core/1.8.0/commons-beanutils-core-1.8.0.jar
2016-08-01 16:36:20.518+0000 INFO  [o.n.k.i.DiagnosticsManager]:  [loader.0] file:/Users/thesealex/.m2/repository/org/apache/felix/org.osgi.core/1.4.0/org.osgi.core-1.4.0.jar
2016-08-01 16:36:20.518+0000 INFO  [o.n.k.i.DiagnosticsManager]:  [loader.0] file:/Users/thesealex/.m2/repository/net/sourceforge/owlapi/owlapi-tools/3.4.8/owlapi-tools-3.4.8.jar
2016-08-01 16:36:20.518+0000 INFO  [o.n.k.i.DiagnosticsManager]:  [loader.0] file:/Users/thesealex/.m2/repository/org/codehaus/jackson/jackson-jaxrs/1.9.7/jackson-jaxrs-1.9.7.jar
2016-08-01 16:36:20.518+0000 INFO  [o.n.k.i.DiagnosticsManager]:  [loader.0] file:/Users/thesealex/.m2/repository/org/neo4j/neo4j-lucene-index/2.1.2/neo4j-lucene-index-2.1.2.jar
2016-08-01 16:36:20.518+0000 INFO  [o.n.k.i.DiagnosticsManager]:  [bootstrap] /Library/Java/JavaVirtualMachines/jdk1.8.0_60.jdk/Contents/Home/jre/classes
2016-08-01 16:36:20.518+0000 INFO  [o.n.k.i.DiagnosticsManager]:  [loader.0] file:/Users/thesealex/.m2/repository/org/neo4j/neo4j-shell/2.1.2/neo4j-shell-2.1.2.jar
2016-08-01 16:36:20.518+0000 INFO  [o.n.k.i.DiagnosticsManager]:  [loader.0] file:/Users/thesealex/.m2/repository/org/neo4j/neo4j-cypher-compiler-2.1/2.1.2/neo4j-cypher-compiler-2.1-2.1.2.jar
2016-08-01 16:36:20.518+0000 INFO  [o.n.k.i.DiagnosticsManager]:  [loader.0] file:/Users/thesealex/.m2/repository/org/neo4j/neo4j-common/3.0.0/neo4j-common-3.0.0.jar
2016-08-01 16:36:20.518+0000 INFO  [o.n.k.i.DiagnosticsManager]:  [loader.0] file:/Users/thesealex/.m2/repository/org/codehaus/jackson/jackson-mapper-asl/1.9.7/jackson-mapper-asl-1.9.7.jar
2016-08-01 16:36:20.519+0000 INFO  [o.n.k.i.DiagnosticsManager]:  [loader.0] file:/Users/thesealex/.m2/repository/org/parboiled/parboiled-scala_2.10/1.1.6/parboiled-scala_2.10-1.1.6.jar
2016-08-01 16:36:20.519+0000 INFO  [o.n.k.i.DiagnosticsManager]:  [loader.0] file:/Users/thesealex/.m2/repository/org/neo4j/neo4j-kernel/2.1.2/neo4j-kernel-2.1.2-tests.jar
2016-08-01 16:36:20.519+0000 INFO  [o.n.k.i.DiagnosticsManager]:  [loader.0] file:/Users/thesealex/.m2/repository/org/neo4j/neo4j-graph-algo/2.1.2/neo4j-graph-algo-2.1.2.jar
2016-08-01 16:36:20.519+0000 INFO  [o.n.k.i.DiagnosticsManager]:  [loader.0] file:/Users/thesealex/.m2/repository/org/neo4j/neo4j/2.1.2/neo4j-2.1.2.jar
2016-08-01 16:36:20.519+0000 INFO  [o.n.k.i.DiagnosticsManager]:  [loader.0] file:/Users/thesealex/.m2/repository/bouncycastle/bcprov-jdk16/140/bcprov-jdk16-140.jar
2016-08-01 16:36:20.519+0000 INFO  [o.n.k.i.DiagnosticsManager]:  [loader.2] file:/Library/Java/Extensions/jogl.jar
2016-08-01 16:36:20.519+0000 INFO  [o.n.k.i.DiagnosticsManager]:  [loader.0] file:/Users/thesealex/.m2/repository/commons-collections/commons-collections/3.2.1/commons-collections-3.2.1.jar
2016-08-01 16:36:20.519+0000 INFO  [o.n.k.i.DiagnosticsManager]:  [loader.0] file:/Users/thesealex/.m2/repository/com/sun/jersey/contribs/jersey-multipart/1.9/jersey-multipart-1.9.jar
2016-08-01 16:36:20.519+0000 INFO  [o.n.k.i.DiagnosticsManager]:  [loader.0] file:/Users/thesealex/.m2/repository/org/eclipse/jetty/jetty-webapp/9.0.5.v20130815/jetty-webapp-9.0.5.v20130815.jar
2016-08-01 16:36:20.519+0000 INFO  [o.n.k.i.DiagnosticsManager]:  [loader.2] file:/Library/Java/JavaVirtualMachines/jdk1.8.0_60.jdk/Contents/Home/jre/lib/ext/localedata.jar
2016-08-01 16:36:20.519+0000 INFO  [o.n.k.i.DiagnosticsManager]:  [loader.2] file:/Library/Java/Extensions/j3dutils.jar
2016-08-01 16:36:20.519+0000 INFO  [o.n.k.i.DiagnosticsManager]:  [loader.0] file:/Users/thesealex/.m2/repository/org/apache/servicemix/bundles/org.apache.servicemix.bundles.jline/0.9.94_1/org.apache.servicemix.bundles.jline-0.9.94_1.jar
2016-08-01 16:36:20.519+0000 INFO  [o.n.k.i.DiagnosticsManager]:  [bootstrap] /Library/Java/JavaVirtualMachines/jdk1.8.0_60.jdk/Contents/Home/jre/lib/charsets.jar
2016-08-01 16:36:20.519+0000 INFO  [o.n.k.i.DiagnosticsManager]:  [loader.0] file:/Users/thesealex/.m2/repository/net/sourceforge/owlapi/owlapi-parsers/3.4.8/owlapi-parsers-3.4.8.jar
2016-08-01 16:36:20.519+0000 INFO  [o.n.k.i.DiagnosticsManager]:  [loader.0] file:/Users/thesealex/.m2/repository/org/apache/geronimo/specs/geronimo-activation_1.1_spec/1.1/geronimo-activation_1.1_spec-1.1.jar
2016-08-01 16:36:20.519+0000 INFO  [o.n.k.i.DiagnosticsManager]:  [loader.0] file:/Users/thesealex/.m2/repository/org/eclipse/jetty/jetty-io/9.0.5.v20130815/jetty-io-9.0.5.v20130815.jar
2016-08-01 16:36:20.519+0000 INFO  [o.n.k.i.DiagnosticsManager]:  [loader.0] file:/Users/thesealex/.m2/repository/org/scala-lang/scala-library/2.10.4/scala-library-2.10.4.jar
2016-08-01 16:36:20.520+0000 INFO  [o.n.k.i.DiagnosticsManager]:  [loader.2] file:/Library/Java/Extensions/j3dcore.jar
2016-08-01 16:36:20.520+0000 INFO  [o.n.k.i.DiagnosticsManager]:  [loader.0] file:/Users/thesealex/.m2/repository/org/eclipse/jetty/jetty-server/9.0.5.v20130815/jetty-server-9.0.5.v20130815.jar
2016-08-01 16:36:20.520+0000 INFO  [o.n.k.i.DiagnosticsManager]:  [loader.0] file:/Users/thesealex/.m2/repository/org/neo4j/neo4j-cypher-compiler-2.0/2.0.3/neo4j-cypher-compiler-2.0-2.0.3.jar
2016-08-01 16:36:20.520+0000 INFO  [o.n.k.i.DiagnosticsManager]:  [loader.2] file:/System/Library/Java/Extensions/j3daudio.jar
2016-08-01 16:36:20.520+0000 INFO  [o.n.k.i.DiagnosticsManager]:  [loader.2] file:/System/Library/Java/Extensions/j3dutils.jar
2016-08-01 16:36:20.520+0000 INFO  [o.n.k.i.DiagnosticsManager]:  [loader.2] file:/System/Library/Java/Extensions/jai_codec.jar
2016-08-01 16:36:20.520+0000 INFO  [o.n.k.i.DiagnosticsManager]:  [loader.0] file:/Users/thesealex/.m2/repository/ch/qos/logback/logback-access/1.1.2/logback-access-1.1.2.jar
2016-08-01 16:36:20.520+0000 INFO  [o.n.k.i.DiagnosticsManager]:  [loader.0] file:/Users/thesealex/.m2/repository/org/neo4j/neo4j-cypher/2.1.2/neo4j-cypher-2.1.2.jar
2016-08-01 16:36:20.520+0000 INFO  [o.n.k.i.DiagnosticsManager]:  [loader.0] file:/Users/thesealex/.m2/repository/org/slf4j/slf4j-api/1.7.6/slf4j-api-1.7.6.jar
2016-08-01 16:36:20.520+0000 INFO  [o.n.k.i.DiagnosticsManager]:  [loader.0] file:/Users/thesealex/.m2/repository/org/neo4j/neo4j-cypher-commons/2.1.2/neo4j-cypher-commons-2.1.2.jar
2016-08-01 16:36:20.520+0000 INFO  [o.n.k.i.DiagnosticsManager]:  [loader.0] file:/Users/thesealex/.m2/repository/org/neo4j/neo4j-resource/3.0.0/neo4j-resource-3.0.0.jar
2016-08-01 16:36:20.520+0000 INFO  [o.n.k.i.DiagnosticsManager]:  [bootstrap] /Library/Java/JavaVirtualMachines/jdk1.8.0_60.jdk/Contents/Home/jre/lib/resources.jar
2016-08-01 16:36:20.520+0000 INFO  [o.n.k.i.DiagnosticsManager]:  [loader.0] file:/Users/thesealex/.m2/repository/org/neo4j/neo4j-udc/2.1.2/neo4j-udc-2.1.2.jar
2016-08-01 16:36:20.520+0000 INFO  [o.n.k.i.DiagnosticsManager]:  [loader.0] file:/Users/thesealex/.m2/repository/org/codehaus/janino/janino/2.6.1/janino-2.6.1.jar
2016-08-01 16:36:20.520+0000 INFO  [o.n.k.i.DiagnosticsManager]:  [loader.0] file:/Users/thesealex/.m2/repository/org/eclipse/jetty/jetty-util/9.0.5.v20130815/jetty-util-9.0.5.v20130815.jar
2016-08-01 16:36:20.521+0000 INFO  [o.n.k.i.DiagnosticsManager]:  [bootstrap] /Library/Java/JavaVirtualMachines/jdk1.8.0_60.jdk/Contents/Home/jre/lib/rt.jar
2016-08-01 16:36:20.521+0000 INFO  [o.n.k.i.DiagnosticsManager]:  [loader.0] file:/Users/thesealex/.m2/repository/org/codehaus/janino/commons-compiler/2.6.1/commons-compiler-2.6.1.jar
2016-08-01 16:36:20.521+0000 INFO  [o.n.k.i.DiagnosticsManager]:  [loader.2] file:/Library/Java/JavaVirtualMachines/jdk1.8.0_60.jdk/Contents/Home/jre/lib/ext/sunjce_provider.jar
2016-08-01 16:36:20.521+0000 INFO  [o.n.k.i.DiagnosticsManager]:  [loader.2] file:/System/Library/Java/Extensions/libmlib_jai.jnilib
2016-08-01 16:36:20.521+0000 INFO  [o.n.k.i.DiagnosticsManager]:  [loader.2] file:/Library/Java/JavaVirtualMachines/jdk1.8.0_60.jdk/Contents/Home/jre/lib/ext/sunec.jar
2016-08-01 16:36:20.521+0000 INFO  [o.n.k.i.DiagnosticsManager]:  [loader.0] file:/Users/thesealex/.m2/repository/org/mozilla/rhino/1.7R4/rhino-1.7R4.jar
2016-08-01 16:36:20.521+0000 INFO  [o.n.k.i.DiagnosticsManager]:  [loader.2] file:/System/Library/Java/Extensions/libJ3DAudio.jnilib
2016-08-01 16:36:20.521+0000 INFO  [o.n.k.i.DiagnosticsManager]:  [loader.0] file:/Users/thesealex/.m2/repository/org/neo4j/neo4j-primitive-collections/2.1.2/neo4j-primitive-collections-2.1.2.jar
2016-08-01 16:36:20.521+0000 INFO  [o.n.k.i.DiagnosticsManager]:  [loader.0] file:/Users/thesealex/.m2/repository/net/sourceforge/owlapi/owlapi-api/3.4.10/owlapi-api-3.4.10.jar
2016-08-01 16:36:20.521+0000 INFO  [o.n.k.i.DiagnosticsManager]:  [loader.0] file:/Users/thesealex/.m2/repository/ch/qos/logback/logback-classic/1.1.2/logback-classic-1.1.2.jar
2016-08-01 16:36:20.521+0000 INFO  [o.n.k.i.DiagnosticsManager]:  [loader.0] file:/Users/thesealex/.m2/repository/org/rrd4j/rrd4j/2.0.7/rrd4j-2.0.7.jar
2016-08-01 16:36:20.521+0000 INFO  [o.n.k.i.DiagnosticsManager]:  [loader.2] file:/System/Library/Java/Extensions/jai_core.jar
2016-08-01 16:36:20.521+0000 INFO  [o.n.k.i.DiagnosticsManager]:  [loader.0] file:/Users/thesealex/.m2/repository/commons-lang/commons-lang/2.4/commons-lang-2.4.jar
2016-08-01 16:36:20.521+0000 INFO  [o.n.k.i.DiagnosticsManager]:  [loader.0] file:/Users/thesealex/Projets/Neo4JBabylon/neowl/target/classes/
2016-08-01 16:36:20.521+0000 INFO  [o.n.k.i.DiagnosticsManager]:  [loader.0] file:/Users/thesealex/.m2/repository/org/apache/geronimo/specs/geronimo-javamail_1.4_spec/1.7.1/geronimo-javamail_1.4_spec-1.7.1.jar
2016-08-01 16:36:20.521+0000 INFO  [o.n.k.i.DiagnosticsManager]:  [loader.0] file:/Users/thesealex/.m2/repository/org/apache/ws/commons/axiom/axiom-dom/1.2.14/axiom-dom-1.2.14.jar
2016-08-01 16:36:20.522+0000 INFO  [o.n.k.i.DiagnosticsManager]:  [loader.0] file:/Users/thesealex/.m2/repository/org/eclipse/jetty/orbit/javax.servlet/3.0.0.v201112011016/javax.servlet-3.0.0.v201112011016.jar
2016-08-01 16:36:20.522+0000 INFO  [o.n.k.i.DiagnosticsManager]:  [loader.0] file:/Users/thesealex/.m2/repository/org/codehaus/jackson/jackson-core-asl/1.9.7/jackson-core-asl-1.9.7.jar
2016-08-01 16:36:20.522+0000 INFO  [o.n.k.i.DiagnosticsManager]:  [loader.0] file:/Users/thesealex/.m2/repository/net/sourceforge/owlapi/owlapi-distribution/3.4.8/owlapi-distribution-3.4.8.jar
2016-08-01 16:36:20.522+0000 INFO  [o.n.k.i.DiagnosticsManager]:  [classpath + loader.1] file:/usr/local/Cellar/maven/3.3.3/libexec/boot/plexus-classworlds-2.5.2.jar
2016-08-01 16:36:20.522+0000 INFO  [o.n.k.i.DiagnosticsManager]:  [loader.0] file:/Users/thesealex/.m2/repository/com/googlecode/concurrentlinkedhashmap/concurrentlinkedhashmap-lru/1.3.1/concurrentlinkedhashmap-lru-1.3.1.jar
2016-08-01 16:36:20.522+0000 INFO  [o.n.k.i.DiagnosticsManager]:  [loader.0] file:/Users/thesealex/.m2/repository/commons-beanutils/commons-beanutils/1.8.0/commons-beanutils-1.8.0.jar
2016-08-01 16:36:20.522+0000 INFO  [o.n.k.i.DiagnosticsManager]:  [loader.0] file:/Users/thesealex/.m2/repository/org/neo4j/neo4j-jmx/2.1.2/neo4j-jmx-2.1.2.jar
2016-08-01 16:36:20.522+0000 INFO  [o.n.k.i.DiagnosticsManager]:  [loader.0] file:/Users/thesealex/.m2/repository/org/hamcrest/hamcrest-core/1.3/hamcrest-core-1.3.jar
2016-08-01 16:36:20.522+0000 INFO  [o.n.k.i.DiagnosticsManager]:  [loader.0] file:/Users/thesealex/.m2/repository/org/apache/ws/commons/axiom/axiom-impl/1.2.14/axiom-impl-1.2.14.jar
2016-08-01 16:36:20.522+0000 INFO  [o.n.k.i.DiagnosticsManager]:  [loader.2] file:/Library/Java/JavaVirtualMachines/jdk1.8.0_60.jdk/Contents/Home/jre/lib/ext/cldrdata.jar
2016-08-01 16:36:20.522+0000 INFO  [o.n.k.i.DiagnosticsManager]:  [loader.0] file:/Users/thesealex/.m2/repository/org/neo4j/app/neo4j-browser/2.1.2/neo4j-browser-2.1.2.jar
2016-08-01 16:36:20.522+0000 INFO  [o.n.k.i.DiagnosticsManager]:  [loader.2] file:/System/Library/Java/Extensions/vecmath.jar
2016-08-01 16:36:20.522+0000 INFO  [o.n.k.i.DiagnosticsManager]:  [loader.0] file:/Users/thesealex/.m2/repository/org/neo4j/neo4j-collections/3.0.0/neo4j-collections-3.0.0.jar
2016-08-01 16:36:20.522+0000 INFO  [o.n.k.i.DiagnosticsManager]:  [loader.2] file:/System/Library/Java/Extensions/libJ3D.jnilib
2016-08-01 16:36:20.522+0000 INFO  [o.n.k.i.DiagnosticsManager]:  [loader.0] file:/Users/thesealex/.m2/repository/org/codehaus/woodstox/stax2-api/3.1.1/stax2-api-3.1.1.jar
2016-08-01 16:36:20.522+0000 INFO  [o.n.k.i.DiagnosticsManager]:  [loader.0] file:/Users/thesealex/.m2/repository/org/apache/ws/commons/axiom/axiom-api/1.2.14/axiom-api-1.2.14.jar
2016-08-01 16:36:20.522+0000 INFO  [o.n.k.i.DiagnosticsManager]:  [loader.0] file:/Users/thesealex/.m2/repository/org/neo4j/neo4j-cypher-compiler-1.9/2.0.3/neo4j-cypher-compiler-1.9-2.0.3.jar
2016-08-01 16:36:20.522+0000 INFO  [o.n.k.i.DiagnosticsManager]:  [bootstrap] /Library/Java/JavaVirtualMachines/jdk1.8.0_60.jdk/Contents/Home/jre/lib/jce.jar
2016-08-01 16:36:20.522+0000 INFO  [o.n.k.i.DiagnosticsManager]:  [loader.0] file:/Users/thesealex/.m2/repository/org/apache/lucene/lucene-core/3.6.2/lucene-core-3.6.2.jar
2016-08-01 16:36:20.523+0000 INFO  [o.n.k.i.DiagnosticsManager]:  [loader.0] file:/Users/thesealex/.m2/repository/com/sun/jersey/jersey-server/1.9/jersey-server-1.9.jar
2016-08-01 16:36:20.523+0000 INFO  [o.n.k.i.DiagnosticsManager]:  [loader.0] file:/Users/thesealex/.m2/repository/commons-digester/commons-digester/1.8.1/commons-digester-1.8.1.jar
2016-08-01 16:36:20.523+0000 INFO  [o.n.k.i.DiagnosticsManager]:  [loader.2] file:/System/Library/Java/Extensions/libAppleScriptEngine.jnilib
2016-08-01 16:36:20.523+0000 INFO  [o.n.k.i.DiagnosticsManager]:  [loader.0] file:/Users/thesealex/.m2/repository/org/neo4j/neo4j-graph-matching/2.1.2/neo4j-graph-matching-2.1.2.jar
2016-08-01 16:36:20.523+0000 INFO  [o.n.k.i.DiagnosticsManager]:  [loader.0] file:/Users/thesealex/.m2/repository/jaxen/jaxen/1.1.4/jaxen-1.1.4.jar
2016-08-01 16:36:20.523+0000 INFO  [o.n.k.i.DiagnosticsManager]:  [loader.2] file:/System/Library/Java/Extensions/dns_sd.jar
2016-08-01 16:36:20.523+0000 INFO  [o.n.k.i.DiagnosticsManager]:  [loader.0] file:/Users/thesealex/.m2/repository/org/eclipse/jetty/jetty-xml/9.0.5.v20130815/jetty-xml-9.0.5.v20130815.jar
2016-08-01 16:36:20.523+0000 INFO  [o.n.k.i.DiagnosticsManager]:  [loader.0] file:/Users/thesealex/.m2/repository/org/codehaus/woodstox/woodstox-core-asl/4.1.4/woodstox-core-asl-4.1.4.jar
2016-08-01 16:36:20.523+0000 INFO  [o.n.k.i.DiagnosticsManager]:  [loader.2] file:/System/Library/Java/Extensions/MRJToolkit.jar
2016-08-01 16:36:20.523+0000 INFO  [o.n.k.i.DiagnosticsManager]:  [loader.0] file:/Users/thesealex/.m2/repository/org/neo4j/neo4j-graphdb-api/3.0.0/neo4j-graphdb-api-3.0.0.jar
2016-08-01 16:36:20.523+0000 INFO  [o.n.k.i.DiagnosticsManager]:  [loader.2] file:/Library/Java/Extensions/gluegen-rt.jar
2016-08-01 16:36:20.523+0000 INFO  [o.n.k.i.DiagnosticsManager]:  [loader.0] file:/Users/thesealex/.m2/repository/org/apache/geronimo/specs/geronimo-jta_1.1_spec/1.1.1/geronimo-jta_1.1_spec-1.1.1.jar
2016-08-01 16:36:20.523+0000 INFO  [o.n.k.i.DiagnosticsManager]:  [loader.0] file:/Users/thesealex/.m2/repository/org/neo4j/app/neo4j-server/2.1.2/neo4j-server-2.1.2.jar
2016-08-01 16:36:20.523+0000 INFO  [o.n.k.i.DiagnosticsManager]:  [loader.2] file:/Library/Java/Extensions/libjogl_cg.jnilib
2016-08-01 16:36:20.523+0000 INFO  [o.n.k.i.DiagnosticsManager]:  [loader.2] file:/System/Library/Java/Extensions/mlibwrapper_jai.jar
2016-08-01 16:36:20.523+0000 INFO  [o.n.k.i.DiagnosticsManager]:  [loader.0] file:/Users/thesealex/.m2/repository/org/apache/james/apache-mime4j-core/0.7.2/apache-mime4j-core-0.7.2.jar
2016-08-01 16:36:20.523+0000 INFO  [o.n.k.i.DiagnosticsManager]:  [loader.2] file:/System/Library/Java/Extensions/libJ3DUtils.jnilib
2016-08-01 16:36:20.523+0000 INFO  [o.n.k.i.DiagnosticsManager]:  [loader.2] file:/Library/Java/Extensions/libjogl.jnilib
2016-08-01 16:36:20.523+0000 INFO  [o.n.k.i.DiagnosticsManager]:  [loader.0] file:/Users/thesealex/.m2/repository/ch/qos/logback/logback-core/1.1.2/logback-core-1.1.2.jar
2016-08-01 16:36:20.523+0000 INFO  [o.n.k.i.DiagnosticsManager]:  [loader.0] file:/Users/thesealex/.m2/repository/commons-logging/commons-logging/1.1.3/commons-logging-1.1.3.jar
2016-08-01 16:36:20.523+0000 INFO  [o.n.k.i.DiagnosticsManager]:  [loader.0] file:/Users/thesealex/.m2/repository/net/sourceforge/owlapi/owlapi-impl/3.4.8/owlapi-impl-3.4.8.jar
2016-08-01 16:36:20.523+0000 INFO  [o.n.k.i.DiagnosticsManager]:  [loader.2] file:/System/Library/Java/Extensions/AppleScriptEngine.jar
2016-08-01 16:36:20.523+0000 INFO  [o.n.k.i.DiagnosticsManager]:  [loader.0] file:/Users/thesealex/.m2/repository/commons-configuration/commons-configuration/1.6/commons-configuration-1.6.jar
2016-08-01 16:36:20.523+0000 INFO  [o.n.k.i.DiagnosticsManager]:  [loader.0] file:/Users/thesealex/.m2/repository/org/parboiled/parboiled-core/1.1.6/parboiled-core-1.1.6.jar
2016-08-01 16:36:20.524+0000 INFO  [o.n.k.i.DiagnosticsManager]:  [loader.0] file:/Users/thesealex/.m2/repository/junit/junit/4.12/junit-4.12.jar
2016-08-01 16:36:20.524+0000 INFO  [o.n.k.i.DiagnosticsManager]:  [loader.0] file:/Users/thesealex/.m2/repository/dk/brics/automaton/automaton/1.11-8/automaton-1.11-8.jar
2016-08-01 16:36:20.524+0000 INFO  [o.n.k.i.DiagnosticsManager]:  [loader.2] file:/Library/Java/JavaVirtualMachines/jdk1.8.0_60.jdk/Contents/Home/jre/lib/ext/jfxrt.jar
2016-08-01 16:36:20.524+0000 INFO  [o.n.k.i.DiagnosticsManager]:  [loader.0] file:/Users/thesealex/.m2/repository/org/eclipse/jetty/jetty-http/9.0.5.v20130815/jetty-http-9.0.5.v20130815.jar
2016-08-01 16:36:20.524+0000 INFO  [o.n.k.i.DiagnosticsManager]:  [loader.0] file:/Users/thesealex/.m2/repository/org/apache/geronimo/specs/geronimo-stax-api_1.0_spec/1.0.1/geronimo-stax-api_1.0_spec-1.0.1.jar
2016-08-01 16:36:20.524+0000 INFO  [o.n.k.i.DiagnosticsManager]:  [loader.2] file:/Library/Java/JavaVirtualMachines/jdk1.8.0_60.jdk/Contents/Home/jre/lib/ext/dnsns.jar
2016-08-01 16:36:20.524+0000 INFO  [o.n.k.i.DiagnosticsManager]:  [bootstrap] /Library/Java/JavaVirtualMachines/jdk1.8.0_60.jdk/Contents/Home/jre/lib/sunrsasign.jar
2016-08-01 16:36:20.524+0000 INFO  [o.n.k.i.DiagnosticsManager]:  [loader.2] file:/Library/Java/Extensions/libjogl_awt.jnilib
2016-08-01 16:36:20.524+0000 INFO  [o.n.k.i.DiagnosticsManager]:  [loader.2] file:/usr/lib/java/libjdns_sd.jnilib
2016-08-01 16:36:20.524+0000 INFO  [o.n.k.i.DiagnosticsManager]:  [loader.2] file:/Library/Java/Extensions/vecmath.jar
2016-08-01 16:36:20.524+0000 INFO  [o.n.k.i.DiagnosticsManager]:  [loader.2] file:/Library/Java/JavaVirtualMachines/jdk1.8.0_60.jdk/Contents/Home/jre/lib/ext/zipfs.jar
2016-08-01 16:36:20.524+0000 INFO  [o.n.k.i.DiagnosticsManager]:  [loader.2] file:/System/Library/Java/Extensions/j3dcore.jar
2016-08-01 16:36:20.524+0000 INFO  [o.n.k.i.DiagnosticsManager]:  [loader.0] file:/Users/thesealex/.m2/repository/org/eclipse/jetty/jetty-servlet/9.0.5.v20130815/jetty-servlet-9.0.5.v20130815.jar
2016-08-01 16:36:20.524+0000 INFO  [o.n.k.i.DiagnosticsManager]:  [loader.0] file:/Users/thesealex/.m2/repository/commons-io/commons-io/1.4/commons-io-1.4.jar
2016-08-01 16:36:20.524+0000 INFO  [o.n.k.i.DiagnosticsManager]:  [loader.0] file:/Users/thesealex/.m2/repository/org/jvnet/mimepull/1.6/mimepull-1.6.jar
2016-08-01 16:36:20.524+0000 INFO  [o.n.k.i.DiagnosticsManager]:  [loader.2] file:/Library/Java/JavaVirtualMachines/jdk1.8.0_60.jdk/Contents/Home/jre/lib/ext/sunpkcs11.jar
2016-08-01 16:36:20.524+0000 INFO  [o.n.k.i.DiagnosticsManager]: Library path:
2016-08-01 16:36:20.524+0000 INFO  [o.n.k.i.DiagnosticsManager]: /Users/thesealex/Library/Java/Extensions
2016-08-01 16:36:20.524+0000 INFO  [o.n.k.i.DiagnosticsManager]: /Library/Java/Extensions
2016-08-01 16:36:20.525+0000 INFO  [o.n.k.i.DiagnosticsManager]: /Network/Library/Java/Extensions
2016-08-01 16:36:20.525+0000 INFO  [o.n.k.i.DiagnosticsManager]: /System/Library/Java/Extensions
2016-08-01 16:36:20.525+0000 INFO  [o.n.k.i.DiagnosticsManager]: /usr/lib/java
2016-08-01 16:36:20.525+0000 INFO  [o.n.k.i.DiagnosticsManager]: /Users/thesealex/Projets/Neo4JBabylon/neowl
2016-08-01 16:36:20.525+0000 INFO  [o.n.k.i.DiagnosticsManager]: System.properties:
2016-08-01 16:36:20.525+0000 INFO  [o.n.k.i.DiagnosticsManager]: exec.mainClass = com.alex.neowl.App
2016-08-01 16:36:20.525+0000 INFO  [o.n.k.i.DiagnosticsManager]: sun.boot.library.path = /Library/Java/JavaVirtualMachines/jdk1.8.0_60.jdk/Contents/Home/jre/lib
2016-08-01 16:36:20.525+0000 INFO  [o.n.k.i.DiagnosticsManager]: gopherProxySet = false
2016-08-01 16:36:20.525+0000 INFO  [o.n.k.i.DiagnosticsManager]: maven.multiModuleProjectDirectory = /Users/thesealex/Projets/Neo4JBabylon/neowl
2016-08-01 16:36:20.525+0000 INFO  [o.n.k.i.DiagnosticsManager]: guice.disable.misplaced.annotation.check = true
2016-08-01 16:36:20.525+0000 INFO  [o.n.k.i.DiagnosticsManager]: path.separator = :
2016-08-01 16:36:20.525+0000 INFO  [o.n.k.i.DiagnosticsManager]: file.encoding.pkg = sun.io
2016-08-01 16:36:20.525+0000 INFO  [o.n.k.i.DiagnosticsManager]: user.country = FR
2016-08-01 16:36:20.525+0000 INFO  [o.n.k.i.DiagnosticsManager]: sun.java.launcher = SUN_STANDARD
2016-08-01 16:36:20.526+0000 INFO  [o.n.k.i.DiagnosticsManager]: sun.os.patch.level = unknown
2016-08-01 16:36:20.526+0000 INFO  [o.n.k.i.DiagnosticsManager]: user.dir = /Users/thesealex/Projets/Neo4JBabylon/neowl
2016-08-01 16:36:20.526+0000 INFO  [o.n.k.i.DiagnosticsManager]: classworlds.conf = /usr/local/Cellar/maven/3.3.3/libexec/bin/m2.conf
2016-08-01 16:36:20.526+0000 INFO  [o.n.k.i.DiagnosticsManager]: sun.jnu.encoding = UTF-8
2016-08-01 16:36:20.526+0000 INFO  [o.n.k.i.DiagnosticsManager]: sun.management.compiler = HotSpot 64-Bit Tiered Compilers
2016-08-01 16:36:20.526+0000 INFO  [o.n.k.i.DiagnosticsManager]: http.nonProxyHosts = local|*.local|169.254/16|*.169.254/16
2016-08-01 16:36:20.526+0000 INFO  [o.n.k.i.DiagnosticsManager]: user.home = /Users/thesealex
2016-08-01 16:36:20.526+0000 INFO  [o.n.k.i.DiagnosticsManager]: user.timezone = Europe/Paris
2016-08-01 16:36:20.526+0000 INFO  [o.n.k.i.DiagnosticsManager]: file.encoding = UTF-8
2016-08-01 16:36:20.526+0000 INFO  [o.n.k.i.DiagnosticsManager]: user.name = thesealex
2016-08-01 16:36:20.526+0000 INFO  [o.n.k.i.DiagnosticsManager]: sun.java.command = org.codehaus.plexus.classworlds.launcher.Launcher exec:java -Dexec.mainClass=com.alex.neowl.App
2016-08-01 16:36:20.526+0000 INFO  [o.n.k.i.DiagnosticsManager]: sun.arch.data.model = 64
2016-08-01 16:36:20.526+0000 INFO  [o.n.k.i.DiagnosticsManager]: user.language = fr
2016-08-01 16:36:20.526+0000 INFO  [o.n.k.i.DiagnosticsManager]: awt.toolkit = sun.lwawt.macosx.LWCToolkit
2016-08-01 16:36:20.526+0000 INFO  [o.n.k.i.DiagnosticsManager]: maven.home = /usr/local/Cellar/maven/3.3.3/libexec
2016-08-01 16:36:20.526+0000 INFO  [o.n.k.i.DiagnosticsManager]: file.separator = /
2016-08-01 16:36:20.526+0000 INFO  [o.n.k.i.DiagnosticsManager]: sun.io.unicode.encoding = UnicodeBig
2016-08-01 16:36:20.526+0000 INFO  [o.n.k.i.DiagnosticsManager]: sun.cpu.endian = little
2016-08-01 16:36:20.526+0000 INFO  [o.n.k.i.DiagnosticsManager]: socksNonProxyHosts = local|*.local|169.254/16|*.169.254/16
2016-08-01 16:36:20.526+0000 INFO  [o.n.k.i.DiagnosticsManager]: ftp.nonProxyHosts = local|*.local|169.254/16|*.169.254/16
2016-08-01 16:36:20.526+0000 INFO  [o.n.k.i.DiagnosticsManager]: sun.cpu.isalist = 
2016-08-01 16:36:20.526+0000 INFO  [o.n.k.i.DiagnosticsManager]: Network information:
2016-08-01 16:36:20.531+0000 INFO  [o.n.k.i.DiagnosticsManager]: Interface en1:
2016-08-01 16:36:20.532+0000 INFO  [o.n.k.i.DiagnosticsManager]:     address: fe80:0:0:0:7aca:39ff:feb4:59c2%en1
2016-08-01 16:36:20.533+0000 INFO  [o.n.k.i.DiagnosticsManager]:     address: 192.168.1.75
2016-08-01 16:36:20.533+0000 INFO  [o.n.k.i.DiagnosticsManager]: Interface lo0:
2016-08-01 16:36:20.533+0000 INFO  [o.n.k.i.DiagnosticsManager]:     address: fe80:0:0:0:0:0:0:1%lo0
2016-08-01 16:36:20.533+0000 INFO  [o.n.k.i.DiagnosticsManager]:     address: 0:0:0:0:0:0:0:1
2016-08-01 16:36:20.533+0000 INFO  [o.n.k.i.DiagnosticsManager]:     address: 127.0.0.1
2016-08-01 16:36:20.533+0000 INFO  [o.n.k.i.DiagnosticsManager]: --- INITIALIZED diagnostics END ---
2016-08-01 16:36:20.752+0000 INFO  [o.n.k.i.n.s.StoreFactory]: Creating new db @ http:/localhost:7474/db/data/neostore
2016-08-01 16:36:20.803+0000 INFO  [o.n.k.i.n.s.StoreFactory]: [http:/localhost:7474/db/data/neostore.relationshiptypestore.db.names] brickCount=0 brickSize=0b mappedMem=0b (storeSize=38b)
2016-08-01 16:36:20.808+0000 INFO  [o.n.k.i.n.s.StoreFactory]: [http:/localhost:7474/db/data/neostore.relationshiptypestore.db] brickCount=0 brickSize=0b mappedMem=0b (storeSize=0b)
2016-08-01 16:36:20.808+0000 INFO  [o.n.k.i.n.s.StoreFactory]: http:/localhost:7474/db/data/neostore.relationshiptypestore.db.names hit=0 miss=0 switches=0 ooe=0
2016-08-01 16:36:20.809+0000 INFO  [o.n.k.i.n.s.StoreFactory]: http:/localhost:7474/db/data/neostore.relationshiptypestore.db hit=0 miss=0 switches=0 ooe=0
2016-08-01 16:36:20.813+0000 INFO  [o.n.k.i.n.s.StoreFactory]: [http:/localhost:7474/db/data/neostore.labeltokenstore.db.names] brickCount=0 brickSize=0b mappedMem=0b (storeSize=38b)
2016-08-01 16:36:20.815+0000 INFO  [o.n.k.i.n.s.StoreFactory]: [http:/localhost:7474/db/data/neostore.labeltokenstore.db] brickCount=0 brickSize=0b mappedMem=0b (storeSize=0b)
2016-08-01 16:36:20.815+0000 INFO  [o.n.k.i.n.s.StoreFactory]: http:/localhost:7474/db/data/neostore.labeltokenstore.db.names hit=0 miss=0 switches=0 ooe=0
2016-08-01 16:36:20.816+0000 INFO  [o.n.k.i.n.s.StoreFactory]: http:/localhost:7474/db/data/neostore.labeltokenstore.db hit=0 miss=0 switches=0 ooe=0
2016-08-01 16:36:20.824+0000 INFO  [o.n.k.i.n.s.StoreFactory]: [http:/localhost:7474/db/data/neostore.relationshiptypestore.db.names] brickCount=0 brickSize=0b mappedMem=0b (storeSize=38b)
2016-08-01 16:36:20.824+0000 INFO  [o.n.k.i.n.s.StoreFactory]: [http:/localhost:7474/db/data/neostore.relationshiptypestore.db] brickCount=0 brickSize=0b mappedMem=0b (storeSize=0b)
2016-08-01 16:36:20.834+0000 INFO  [o.n.k.i.n.s.StoreFactory]: [http:/localhost:7474/db/data/neostore.labeltokenstore.db.names] brickCount=0 brickSize=0b mappedMem=0b (storeSize=38b)
2016-08-01 16:36:20.835+0000 INFO  [o.n.k.i.n.s.StoreFactory]: [http:/localhost:7474/db/data/neostore.labeltokenstore.db] brickCount=0 brickSize=0b mappedMem=0b (storeSize=0b)
2016-08-01 16:36:20.836+0000 INFO  [o.n.k.i.n.s.StoreFactory]: [http:/localhost:7474/db/data/neostore.propertystore.db.strings] brickCount=0 brickSize=590336b mappedMem=590348288b (storeSize=128b)
2016-08-01 16:36:20.836+0000 INFO  [o.n.k.i.n.s.StoreFactory]: [http:/localhost:7474/db/data/neostore.propertystore.db.index.keys] brickCount=0 brickSize=0b mappedMem=0b (storeSize=38b)
2016-08-01 16:36:20.838+0000 INFO  [o.n.k.i.n.s.StoreFactory]: [http:/localhost:7474/db/data/neostore.propertystore.db.index] brickCount=0 brickSize=0b mappedMem=0b (storeSize=0b)
2016-08-01 16:36:20.839+0000 INFO  [o.n.k.i.n.s.StoreFactory]: [http:/localhost:7474/db/data/neostore.propertystore.db.arrays] brickCount=0 brickSize=669952b mappedMem=670040064b (storeSize=128b)
2016-08-01 16:36:20.846+0000 INFO  [o.n.k.i.n.s.StoreFactory]: [http:/localhost:7474/db/data/neostore.propertystore.db] brickCount=0 brickSize=6952042b mappedMem=695205888b (storeSize=0b)
2016-08-01 16:36:20.850+0000 INFO  [o.n.k.i.n.s.StoreFactory]: [http:/localhost:7474/db/data/neostore.relationshipstore.db] brickCount=0 brickSize=8514416b mappedMem=851443712b (storeSize=0b)
2016-08-01 16:36:20.851+0000 INFO  [o.n.k.i.n.s.StoreFactory]: [http:/localhost:7474/db/data/neostore.nodestore.db.labels] brickCount=0 brickSize=0b mappedMem=0b (storeSize=68b)
2016-08-01 16:36:20.855+0000 INFO  [o.n.k.i.n.s.StoreFactory]: [http:/localhost:7474/db/data/neostore.nodestore.db] brickCount=0 brickSize=1929375b mappedMem=192937984b (storeSize=0b)
2016-08-01 16:36:20.856+0000 INFO  [o.n.k.i.n.s.StoreFactory]: [http:/localhost:7474/db/data/neostore.schemastore.db] brickCount=0 brickSize=0b mappedMem=0b (storeSize=64b)
2016-08-01 16:36:20.859+0000 INFO  [o.n.k.i.n.s.StoreFactory]: [http:/localhost:7474/db/data/neostore.relationshipgroupstore.db] brickCount=0 brickSize=0b mappedMem=0b (storeSize=25b)
2016-08-01 16:36:20.861+0000 INFO  [o.n.k.i.n.s.StoreFactory]: [http:/localhost:7474/db/data/neostore] brickCount=0 brickSize=0b mappedMem=0b (storeSize=0b)
2016-08-01 16:36:20.874+0000 INFO  [o.n.k.i.n.s.StoreFactory]: http:/localhost:7474/db/data/neostore.relationshiptypestore.db.names hit=0 miss=0 switches=0 ooe=0
2016-08-01 16:36:20.876+0000 INFO  [o.n.k.i.n.s.StoreFactory]: http:/localhost:7474/db/data/neostore.relationshiptypestore.db hit=0 miss=0 switches=0 ooe=0
2016-08-01 16:36:20.877+0000 INFO  [o.n.k.i.n.s.StoreFactory]: http:/localhost:7474/db/data/neostore.labeltokenstore.db.names hit=0 miss=0 switches=0 ooe=0
2016-08-01 16:36:20.878+0000 INFO  [o.n.k.i.n.s.StoreFactory]: http:/localhost:7474/db/data/neostore.labeltokenstore.db hit=0 miss=0 switches=0 ooe=0
2016-08-01 16:36:20.879+0000 INFO  [o.n.k.i.n.s.StoreFactory]: http:/localhost:7474/db/data/neostore.propertystore.db.strings hit=0 miss=0 switches=0 ooe=0
2016-08-01 16:36:20.880+0000 INFO  [o.n.k.i.n.s.StoreFactory]: http:/localhost:7474/db/data/neostore.propertystore.db.index.keys hit=0 miss=0 switches=0 ooe=0
2016-08-01 16:36:20.881+0000 INFO  [o.n.k.i.n.s.StoreFactory]: http:/localhost:7474/db/data/neostore.propertystore.db.index hit=0 miss=0 switches=0 ooe=0
2016-08-01 16:36:20.884+0000 INFO  [o.n.k.i.n.s.StoreFactory]: http:/localhost:7474/db/data/neostore.propertystore.db.arrays hit=0 miss=0 switches=0 ooe=0
2016-08-01 16:36:20.885+0000 INFO  [o.n.k.i.n.s.StoreFactory]: http:/localhost:7474/db/data/neostore.propertystore.db hit=0 miss=0 switches=0 ooe=0
2016-08-01 16:36:20.887+0000 INFO  [o.n.k.i.n.s.StoreFactory]: http:/localhost:7474/db/data/neostore.relationshipstore.db hit=0 miss=0 switches=0 ooe=0
2016-08-01 16:36:20.888+0000 INFO  [o.n.k.i.n.s.StoreFactory]: http:/localhost:7474/db/data/neostore.nodestore.db.labels hit=0 miss=0 switches=0 ooe=0
2016-08-01 16:36:20.889+0000 INFO  [o.n.k.i.n.s.StoreFactory]: http:/localhost:7474/db/data/neostore.nodestore.db hit=0 miss=0 switches=0 ooe=0
2016-08-01 16:36:20.889+0000 INFO  [o.n.k.i.n.s.StoreFactory]: http:/localhost:7474/db/data/neostore.schemastore.db hit=0 miss=0 switches=0 ooe=0
2016-08-01 16:36:20.890+0000 INFO  [o.n.k.i.n.s.StoreFactory]: http:/localhost:7474/db/data/neostore.relationshipgroupstore.db hit=0 miss=0 switches=0 ooe=0
2016-08-01 16:36:20.891+0000 INFO  [o.n.k.i.n.s.StoreFactory]: http:/localhost:7474/db/data/neostore hit=0 miss=8 switches=0 ooe=0
2016-08-01 16:36:20.901+0000 INFO  [o.n.k.i.n.s.StoreFactory]: [http:/localhost:7474/db/data/neostore.relationshiptypestore.db.names] brickCount=0 brickSize=0b mappedMem=0b (storeSize=38b)
2016-08-01 16:36:20.902+0000 INFO  [o.n.k.i.n.s.StoreFactory]: [http:/localhost:7474/db/data/neostore.relationshiptypestore.db] brickCount=0 brickSize=0b mappedMem=0b (storeSize=0b)
2016-08-01 16:36:20.902+0000 INFO  [o.n.k.i.n.s.StoreFactory]: [http:/localhost:7474/db/data/neostore.labeltokenstore.db.names] brickCount=0 brickSize=0b mappedMem=0b (storeSize=38b)
2016-08-01 16:36:20.902+0000 INFO  [o.n.k.i.n.s.StoreFactory]: [http:/localhost:7474/db/data/neostore.labeltokenstore.db] brickCount=0 brickSize=0b mappedMem=0b (storeSize=0b)
2016-08-01 16:36:20.903+0000 INFO  [o.n.k.i.n.s.StoreFactory]: [http:/localhost:7474/db/data/neostore.propertystore.db.strings] brickCount=0 brickSize=590336b mappedMem=590348288b (storeSize=128b)
2016-08-01 16:36:20.903+0000 INFO  [o.n.k.i.n.s.StoreFactory]: [http:/localhost:7474/db/data/neostore.propertystore.db.index.keys] brickCount=0 brickSize=0b mappedMem=0b (storeSize=38b)
2016-08-01 16:36:20.904+0000 INFO  [o.n.k.i.n.s.StoreFactory]: [http:/localhost:7474/db/data/neostore.propertystore.db.index] brickCount=0 brickSize=0b mappedMem=0b (storeSize=0b)
2016-08-01 16:36:20.904+0000 INFO  [o.n.k.i.n.s.StoreFactory]: [http:/localhost:7474/db/data/neostore.propertystore.db.arrays] brickCount=0 brickSize=669952b mappedMem=670040064b (storeSize=128b)
2016-08-01 16:36:20.905+0000 INFO  [o.n.k.i.n.s.StoreFactory]: [http:/localhost:7474/db/data/neostore.propertystore.db] brickCount=0 brickSize=6952042b mappedMem=695205888b (storeSize=0b)
2016-08-01 16:36:20.906+0000 INFO  [o.n.k.i.n.s.StoreFactory]: [http:/localhost:7474/db/data/neostore.relationshipstore.db] brickCount=0 brickSize=8514416b mappedMem=851443712b (storeSize=0b)
2016-08-01 16:36:20.906+0000 INFO  [o.n.k.i.n.s.StoreFactory]: [http:/localhost:7474/db/data/neostore.nodestore.db.labels] brickCount=0 brickSize=0b mappedMem=0b (storeSize=68b)
2016-08-01 16:36:20.907+0000 INFO  [o.n.k.i.n.s.StoreFactory]: [http:/localhost:7474/db/data/neostore.nodestore.db] brickCount=0 brickSize=1929375b mappedMem=192937984b (storeSize=0b)
2016-08-01 16:36:20.909+0000 INFO  [o.n.k.i.n.s.StoreFactory]: [http:/localhost:7474/db/data/neostore.schemastore.db] brickCount=0 brickSize=0b mappedMem=0b (storeSize=64b)
2016-08-01 16:36:20.910+0000 INFO  [o.n.k.i.n.s.StoreFactory]: [http:/localhost:7474/db/data/neostore.relationshipgroupstore.db] brickCount=0 brickSize=0b mappedMem=0b (storeSize=25b)
2016-08-01 16:36:20.911+0000 INFO  [o.n.k.i.n.s.StoreFactory]: [http:/localhost:7474/db/data/neostore] brickCount=0 brickSize=0b mappedMem=0b (storeSize=63b)
2016-08-01 16:36:21.031+0000 INFO  [o.n.k.a.i.i.LuceneLabelScanStore]: No lucene scan store index found, this might just be first use. Preparing to rebuild.
2016-08-01 16:36:21.089+0000 INFO  [o.n.k.a.i.i.LuceneLabelScanStore]: No lucene scan store index found, this might just be first use. Preparing to rebuild.
2016-08-01 16:36:21.219+0000 INFO  [o.n.k.i.t.x.XaLogicalLog]: Opened logical log [http:/localhost:7474/db/data/nioneo_logical.log.1] version=0, lastTxId=1 (clean)
2016-08-01 16:36:21.223+0000 INFO  [o.n.k.a.i.i.LuceneLabelScanStore]: Rebuilding lucene scan store, this may take a while
2016-08-01 16:36:21.225+0000 INFO  [o.n.k.a.i.i.LuceneLabelScanStore]: Lucene scan store rebuilt (roughly -1 nodes)
2016-08-01 16:36:21.231+0000 INFO  [o.n.k.i.t.TxManager]: TM new log: tm_tx_log.1
2016-08-01 16:36:21.239+0000 INFO  [o.n.k.i.t.KernelHealth]: Kernel health set to OK
2016-08-01 16:36:21.254+0000 INFO  [o.n.k.i.t.x.XaLogicalLog]: Opened logical log [http:/localhost:7474/db/data/index/lucene.log.1] version=0, lastTxId=1 (clean)
2016-08-01 16:36:21.263+0000 INFO  [o.n.k.i.DiagnosticsManager]: --- STARTED diagnostics for KernelDiagnostics:Versions START ---
2016-08-01 16:36:21.263+0000 INFO  [o.n.k.i.DiagnosticsManager]: Graph Database: org.neo4j.kernel.EmbeddedGraphDatabase StoreId[time:1470069380753, id:5969040783555816328, store version: -2]
2016-08-01 16:36:21.263+0000 INFO  [o.n.k.i.DiagnosticsManager]: Kernel version: Neo4j - Graph Database Kernel (neo4j-kernel), version: 2.1.2
2016-08-01 16:36:21.263+0000 INFO  [o.n.k.i.DiagnosticsManager]: Neo4j component versions:
2016-08-01 16:36:21.274+0000 INFO  [o.n.k.i.DiagnosticsManager]:   Neo4j - Cypher Compiler 1.9 (neo4j-cypher-compiler-1.9), version: 2.0.3; revision: 2.0.3:2.0-maint:72/307c563c11b75fdc71cfa6df05daf9b08d6c37dc
2016-08-01 16:36:21.274+0000 INFO  [o.n.k.i.DiagnosticsManager]:   Neo4j - Cypher Commons (neo4j-cypher-commons), version: 2.1.2; revision: 2.1.2:2.1-maint:368/a9f79e31a8ba7741da20887c795d354ac33d6ab7
2016-08-01 16:36:21.274+0000 INFO  [o.n.k.i.DiagnosticsManager]:   Neo4j Server API (server-api), version: 2.1.2; revision: 2.1.2:2.1-maint:368/a9f79e31a8ba7741da20887c795d354ac33d6ab7
2016-08-01 16:36:21.274+0000 INFO  [o.n.k.i.DiagnosticsManager]:   Neo4j - Graph Database Kernel (neo4j-kernel), version: 2.1.2; revision: 2.1.2:2.1-maint:368/a9f79e31a8ba7741da20887c795d354ac33d6ab7
2016-08-01 16:36:21.274+0000 INFO  [o.n.k.i.DiagnosticsManager]:   Neo4j - Generic shell (neo4j-shell), version: 2.1.2; revision: 2.1.2:2.1-maint:368/a9f79e31a8ba7741da20887c795d354ac33d6ab7
2016-08-01 16:36:21.274+0000 INFO  [o.n.k.i.DiagnosticsManager]:   Neo4j Community (neo4j), version: 2.1.2; revision: 2.1.2:2.1-maint:368/a9f79e31a8ba7741da20887c795d354ac33d6ab7
2016-08-01 16:36:21.274+0000 INFO  [o.n.k.i.DiagnosticsManager]:   neo4j-udc, version: 2.1.2; revision: 2.1.2:2.1-maint:368/a9f79e31a8ba7741da20887c795d354ac33d6ab7
2016-08-01 16:36:21.274+0000 INFO  [o.n.k.i.DiagnosticsManager]:   Neo4j - Lucene Index (neo4j-lucene-index), version: 2.1.2; revision: 2.1.2:2.1-maint:368/a9f79e31a8ba7741da20887c795d354ac33d6ab7
2016-08-01 16:36:21.274+0000 INFO  [o.n.k.i.DiagnosticsManager]:   Neo4j Server (neo4j-server), version: 2.1.2; revision: 2.1.2:2.1-maint:368/a9f79e31a8ba7741da20887c795d354ac33d6ab7
2016-08-01 16:36:21.274+0000 INFO  [o.n.k.i.DiagnosticsManager]:   Neo4j - Cypher Compiler 2.0 (neo4j-cypher-compiler-2.0), version: 2.0.3; revision: 2.0.3:2.0-maint:72/307c563c11b75fdc71cfa6df05daf9b08d6c37dc
2016-08-01 16:36:21.274+0000 INFO  [o.n.k.i.DiagnosticsManager]:   Neo4j - Graph Matching (neo4j-graph-matching), version: 2.1.2; revision: 2.1.2:2.1-maint:368/a9f79e31a8ba7741da20887c795d354ac33d6ab7
2016-08-01 16:36:21.274+0000 INFO  [o.n.k.i.DiagnosticsManager]:   Neo4j - JMX support (neo4j-jmx), version: 2.1.2; revision: 2.1.2:2.1-maint:368/a9f79e31a8ba7741da20887c795d354ac33d6ab7
2016-08-01 16:36:21.275+0000 INFO  [o.n.k.i.DiagnosticsManager]:   Neo4j - Cypher (neo4j-cypher), version: 2.1.2; revision: 2.1.2:2.1-maint:368/a9f79e31a8ba7741da20887c795d354ac33d6ab7
2016-08-01 16:36:21.275+0000 INFO  [o.n.k.i.DiagnosticsManager]:   Neo4j - Graph Algorithms (neo4j-graph-algo), version: 2.1.2; revision: 2.1.2:2.1-maint:368/a9f79e31a8ba7741da20887c795d354ac33d6ab7
2016-08-01 16:36:21.275+0000 INFO  [o.n.k.i.DiagnosticsManager]: --- STARTED diagnostics for KernelDiagnostics:Versions END ---
2016-08-01 16:36:21.281+0000 INFO  [o.n.k.i.DiagnosticsManager]: --- STARTED diagnostics for NEO_STORE_VERSIONS START ---
2016-08-01 16:36:21.281+0000 INFO  [o.n.k.i.DiagnosticsManager]: Store versions:
2016-08-01 16:36:21.281+0000 INFO  [o.n.k.i.DiagnosticsManager]: Store versions:
2016-08-01 16:36:21.281+0000 INFO  [o.n.k.i.DiagnosticsManager]:   NeoStore v0.A.3
2016-08-01 16:36:21.281+0000 INFO  [o.n.k.i.DiagnosticsManager]:   SchemaStore v0.A.3
2016-08-01 16:36:21.281+0000 INFO  [o.n.k.i.DiagnosticsManager]:   NodeStore v0.A.3
2016-08-01 16:36:21.281+0000 INFO  [o.n.k.i.DiagnosticsManager]:   RelationshipStore v0.A.3
2016-08-01 16:36:21.281+0000 INFO  [o.n.k.i.DiagnosticsManager]:   RelationshipTypeStore v0.A.3
2016-08-01 16:36:21.281+0000 INFO  [o.n.k.i.DiagnosticsManager]:   LabelTokenStore v0.A.3
2016-08-01 16:36:21.282+0000 INFO  [o.n.k.i.DiagnosticsManager]:   PropertyStore v0.A.3
2016-08-01 16:36:21.282+0000 INFO  [o.n.k.i.DiagnosticsManager]:   PropertyIndexStore v0.A.3
2016-08-01 16:36:21.282+0000 INFO  [o.n.k.i.DiagnosticsManager]:   StringPropertyStore v0.A.3
2016-08-01 16:36:21.282+0000 INFO  [o.n.k.i.DiagnosticsManager]:   ArrayPropertyStore v0.A.3
2016-08-01 16:36:21.282+0000 INFO  [o.n.k.i.DiagnosticsManager]:   RelationshipGroupStore v0.A.3
2016-08-01 16:36:21.282+0000 INFO  [o.n.k.i.DiagnosticsManager]: --- STARTED diagnostics for NEO_STORE_VERSIONS END ---
2016-08-01 16:36:21.282+0000 INFO  [o.n.k.i.DiagnosticsManager]: --- STARTED diagnostics for NEO_STORE_ID_USAGE START ---
2016-08-01 16:36:21.282+0000 INFO  [o.n.k.i.DiagnosticsManager]: Id usage:
2016-08-01 16:36:21.282+0000 INFO  [o.n.k.i.DiagnosticsManager]: Id usage:
2016-08-01 16:36:21.282+0000 INFO  [o.n.k.i.DiagnosticsManager]:   SchemaStore: used=1 high=0
2016-08-01 16:36:21.282+0000 INFO  [o.n.k.i.DiagnosticsManager]:   NodeStore: used=0 high=-1
2016-08-01 16:36:21.282+0000 INFO  [o.n.k.i.DiagnosticsManager]:   RelationshipStore: used=0 high=-1
2016-08-01 16:36:21.283+0000 INFO  [o.n.k.i.DiagnosticsManager]:   RelationshipTypeStore: used=0 high=-1
2016-08-01 16:36:21.283+0000 INFO  [o.n.k.i.DiagnosticsManager]:   LabelTokenStore: used=0 high=-1
2016-08-01 16:36:21.283+0000 INFO  [o.n.k.i.DiagnosticsManager]:   PropertyStore: used=0 high=-1
2016-08-01 16:36:21.283+0000 INFO  [o.n.k.i.DiagnosticsManager]:   PropertyIndexStore: used=0 high=-1
2016-08-01 16:36:21.283+0000 INFO  [o.n.k.i.DiagnosticsManager]:   StringPropertyStore: used=1 high=0
2016-08-01 16:36:21.283+0000 INFO  [o.n.k.i.DiagnosticsManager]:   ArrayPropertyStore: used=1 high=0
2016-08-01 16:36:21.283+0000 INFO  [o.n.k.i.DiagnosticsManager]:   RelationshipGroupStore: used=1 high=0
2016-08-01 16:36:21.283+0000 INFO  [o.n.k.i.DiagnosticsManager]: --- STARTED diagnostics for NEO_STORE_ID_USAGE END ---
2016-08-01 16:36:21.283+0000 INFO  [o.n.k.i.DiagnosticsManager]: --- STARTED diagnostics for PERSISTENCE_WINDOW_POOL_STATS START ---
2016-08-01 16:36:21.283+0000 INFO  [o.n.k.i.DiagnosticsManager]: --- STARTED diagnostics for PERSISTENCE_WINDOW_POOL_STATS END ---
2016-08-01 16:36:21.284+0000 INFO  [o.n.k.i.DiagnosticsManager]: --- STARTED diagnostics for KernelDiagnostics:StoreFiles START ---
2016-08-01 16:36:21.284+0000 INFO  [o.n.k.i.DiagnosticsManager]: Disk space on partition (Total / Free / Free %): 249065373696 / 8596647936 / 3
Storage files: (filename : modification date - size)
2016-08-01 16:36:21.286+0000 INFO  [o.n.k.i.DiagnosticsManager]:   active_tx_log: 2016-08-01T18:36:21+0200 - 11,00 B
2016-08-01 16:36:21.286+0000 INFO  [o.n.k.i.DiagnosticsManager]:   index:
2016-08-01 16:36:21.286+0000 INFO  [o.n.k.i.DiagnosticsManager]:     lucene-store.db: 2016-08-01T18:36:21+0200 - 40,00 B
2016-08-01 16:36:21.287+0000 INFO  [o.n.k.i.DiagnosticsManager]:     lucene.log.1: 2016-08-01T18:36:21+0200 - 16,00 B
2016-08-01 16:36:21.287+0000 INFO  [o.n.k.i.DiagnosticsManager]:     lucene.log.active: 2016-08-01T18:36:21+0200 - 4,00 B
2016-08-01 16:36:21.287+0000 INFO  [o.n.k.i.DiagnosticsManager]:   - Total: 2016-08-01T18:36:21+0200 - 60,00 B
2016-08-01 16:36:21.289+0000 INFO  [o.n.k.i.DiagnosticsManager]:   lock: 2016-08-01T18:36:20+0200 - 0,00 B
2016-08-01 16:36:21.289+0000 INFO  [o.n.k.i.DiagnosticsManager]:   messages.log: 2016-08-01T18:36:21+0200 - 49,13 kB
2016-08-01 16:36:21.289+0000 INFO  [o.n.k.i.DiagnosticsManager]:   neostore: 2016-08-01T18:36:20+0200 - 63,00 B
2016-08-01 16:36:21.289+0000 INFO  [o.n.k.i.DiagnosticsManager]:   neostore.id: 2016-08-01T18:36:20+0200 - 9,00 B
2016-08-01 16:36:21.290+0000 INFO  [o.n.k.i.DiagnosticsManager]:   neostore.labeltokenstore.db: 2016-08-01T18:36:20+0200 - 0,00 B
2016-08-01 16:36:21.290+0000 INFO  [o.n.k.i.DiagnosticsManager]:   neostore.labeltokenstore.db.id: 2016-08-01T18:36:20+0200 - 9,00 B
2016-08-01 16:36:21.290+0000 INFO  [o.n.k.i.DiagnosticsManager]:   neostore.labeltokenstore.db.names: 2016-08-01T18:36:20+0200 - 38,00 B
2016-08-01 16:36:21.290+0000 INFO  [o.n.k.i.DiagnosticsManager]:   neostore.labeltokenstore.db.names.id: 2016-08-01T18:36:20+0200 - 9,00 B
2016-08-01 16:36:21.291+0000 INFO  [o.n.k.i.DiagnosticsManager]:   neostore.nodestore.db: 2016-08-01T18:36:20+0200 - 0,00 B
2016-08-01 16:36:21.291+0000 INFO  [o.n.k.i.DiagnosticsManager]:   neostore.nodestore.db.id: 2016-08-01T18:36:20+0200 - 9,00 B
2016-08-01 16:36:21.291+0000 INFO  [o.n.k.i.DiagnosticsManager]:   neostore.nodestore.db.labels: 2016-08-01T18:36:20+0200 - 68,00 B
2016-08-01 16:36:21.291+0000 INFO  [o.n.k.i.DiagnosticsManager]:   neostore.nodestore.db.labels.id: 2016-08-01T18:36:20+0200 - 9,00 B
2016-08-01 16:36:21.292+0000 INFO  [o.n.k.i.DiagnosticsManager]:   neostore.propertystore.db: 2016-08-01T18:36:20+0200 - 0,00 B
2016-08-01 16:36:21.292+0000 INFO  [o.n.k.i.DiagnosticsManager]:   neostore.propertystore.db.arrays: 2016-08-01T18:36:20+0200 - 128,00 B
2016-08-01 16:36:21.292+0000 INFO  [o.n.k.i.DiagnosticsManager]:   neostore.propertystore.db.arrays.id: 2016-08-01T18:36:20+0200 - 9,00 B
2016-08-01 16:36:21.292+0000 INFO  [o.n.k.i.DiagnosticsManager]:   neostore.propertystore.db.id: 2016-08-01T18:36:20+0200 - 9,00 B
2016-08-01 16:36:21.292+0000 INFO  [o.n.k.i.DiagnosticsManager]:   neostore.propertystore.db.index: 2016-08-01T18:36:20+0200 - 0,00 B
2016-08-01 16:36:21.293+0000 INFO  [o.n.k.i.DiagnosticsManager]:   neostore.propertystore.db.index.id: 2016-08-01T18:36:20+0200 - 9,00 B
2016-08-01 16:36:21.293+0000 INFO  [o.n.k.i.DiagnosticsManager]:   neostore.propertystore.db.index.keys: 2016-08-01T18:36:20+0200 - 38,00 B
2016-08-01 16:36:21.293+0000 INFO  [o.n.k.i.DiagnosticsManager]:   neostore.propertystore.db.index.keys.id: 2016-08-01T18:36:20+0200 - 9,00 B
2016-08-01 16:36:21.293+0000 INFO  [o.n.k.i.DiagnosticsManager]:   neostore.propertystore.db.strings: 2016-08-01T18:36:20+0200 - 128,00 B
2016-08-01 16:36:21.294+0000 INFO  [o.n.k.i.DiagnosticsManager]:   neostore.propertystore.db.strings.id: 2016-08-01T18:36:20+0200 - 9,00 B
2016-08-01 16:36:21.294+0000 INFO  [o.n.k.i.DiagnosticsManager]:   neostore.relationshipgroupstore.db: 2016-08-01T18:36:20+0200 - 25,00 B
2016-08-01 16:36:21.294+0000 INFO  [o.n.k.i.DiagnosticsManager]:   neostore.relationshipgroupstore.db.id: 2016-08-01T18:36:20+0200 - 9,00 B
2016-08-01 16:36:21.294+0000 INFO  [o.n.k.i.DiagnosticsManager]:   neostore.relationshipstore.db: 2016-08-01T18:36:20+0200 - 0,00 B
2016-08-01 16:36:21.294+0000 INFO  [o.n.k.i.DiagnosticsManager]:   neostore.relationshipstore.db.id: 2016-08-01T18:36:20+0200 - 9,00 B
2016-08-01 16:36:21.295+0000 INFO  [o.n.k.i.DiagnosticsManager]:   neostore.relationshiptypestore.db: 2016-08-01T18:36:20+0200 - 0,00 B
2016-08-01 16:36:21.295+0000 INFO  [o.n.k.i.DiagnosticsManager]:   neostore.relationshiptypestore.db.id: 2016-08-01T18:36:20+0200 - 9,00 B
2016-08-01 16:36:21.295+0000 INFO  [o.n.k.i.DiagnosticsManager]:   neostore.relationshiptypestore.db.names: 2016-08-01T18:36:20+0200 - 38,00 B
2016-08-01 16:36:21.295+0000 INFO  [o.n.k.i.DiagnosticsManager]:   neostore.relationshiptypestore.db.names.id: 2016-08-01T18:36:20+0200 - 9,00 B
2016-08-01 16:36:21.295+0000 INFO  [o.n.k.i.DiagnosticsManager]:   neostore.schemastore.db: 2016-08-01T18:36:20+0200 - 64,00 B
2016-08-01 16:36:21.296+0000 INFO  [o.n.k.i.DiagnosticsManager]:   neostore.schemastore.db.id: 2016-08-01T18:36:20+0200 - 9,00 B
2016-08-01 16:36:21.296+0000 INFO  [o.n.k.i.DiagnosticsManager]:   nioneo_logical.log.1: 2016-08-01T18:36:21+0200 - 16,00 B
2016-08-01 16:36:21.296+0000 INFO  [o.n.k.i.DiagnosticsManager]:   nioneo_logical.log.active: 2016-08-01T18:36:21+0200 - 4,00 B
2016-08-01 16:36:21.296+0000 INFO  [o.n.k.i.DiagnosticsManager]:   schema:
2016-08-01 16:36:21.296+0000 INFO  [o.n.k.i.DiagnosticsManager]:     label:
2016-08-01 16:36:21.296+0000 INFO  [o.n.k.i.DiagnosticsManager]:       lucene:
2016-08-01 16:36:21.297+0000 INFO  [o.n.k.i.DiagnosticsManager]:         write.lock: 2016-08-01T18:36:21+0200 - 0,00 B
2016-08-01 16:36:21.297+0000 INFO  [o.n.k.i.DiagnosticsManager]:       - Total: 2016-08-01T18:36:21+0200 - 0,00 B
2016-08-01 16:36:21.297+0000 INFO  [o.n.k.i.DiagnosticsManager]:     - Total: 2016-08-01T18:36:21+0200 - 0,00 B
2016-08-01 16:36:21.297+0000 INFO  [o.n.k.i.DiagnosticsManager]:   - Total: 2016-08-01T18:36:21+0200 - 0,00 B
2016-08-01 16:36:21.297+0000 INFO  [o.n.k.i.DiagnosticsManager]:   store_lock: 2016-08-01T18:36:20+0200 - 0,00 B
2016-08-01 16:36:21.322+0000 INFO  [o.n.k.i.DiagnosticsManager]:   tm_tx_log.1: 2016-08-01T18:36:21+0200 - 0,00 B
2016-08-01 16:36:21.322+0000 INFO  [o.n.k.i.DiagnosticsManager]: --- STARTED diagnostics for KernelDiagnostics:StoreFiles END ---
2016-08-01 16:36:21.403+0000 INFO  [o.n.k.EmbeddedGraphDatabase]: GC Monitor started. 
2016-08-01 16:36:21.404+0000 INFO  [o.n.k.EmbeddedGraphDatabase]: Database is now ready
2016-08-01 16:36:39.311+0000 WARN  [o.n.k.EmbeddedGraphDatabase]: GC Monitor: Application threads blocked for an additional 310ms [total block time: 0.31s]
